<?xml version="1.0" encoding="UTF-8"?>
<!-- Generated by org.testng.reporters.JUnitReportReporter -->
<testsuite name="some.domain.scenarios.Scenario1" tests="9" time="18.856" ignored="0" failures="0" timestamp="01 Mar 2017 13:23:33 GMT" skipped="0" hostname="DESKTOP-PT3KV25" errors="0">
  <testcase name="verifyTravelTimebyBike_calculated" time="0.529" classname="some.domain.scenarios.Scenario1"/>
  <testcase name="verifyTravelTimebyBus_calculated" time="0.282" classname="some.domain.scenarios.Scenario1"/>
  <testcase name="setTo" time="0.877" classname="some.domain.scenarios.Scenario1"/>
  <testcase name="verifyTravelTimeonFoot_calculated" time="3.006" classname="some.domain.scenarios.Scenario1"/>
  <testcase name="setFrom" time="2.234" classname="some.domain.scenarios.Scenario1"/>
  <testcase name="verifyTravelTimeVisible" time="5.759" classname="some.domain.scenarios.Scenario1"/>
  <testcase name="navigateToDirections" time="4.044" classname="some.domain.scenarios.Scenario1"/>
  <testcase name="verifyTravelTimebyCar_calculated" time="0.331" classname="some.domain.scenarios.Scenario1"/>
  <testcase name="openHomePage" time="1.794" classname="some.domain.scenarios.Scenario1"/>
</testsuite> <!-- some.domain.scenarios.Scenario1 -->
