<?xml version="1.0" encoding="UTF-8"?>
<!-- Generated by org.testng.reporters.JUnitReportReporter -->
<testsuite name="some.domain.child.Test2" tests="1" time="0.001" ignored="0" failures="0" timestamp="01 Mar 2017 13:36:00 GMT" skipped="0" hostname="DESKTOP-PT3KV25" errors="0">
  <testcase name="runTest" time="0.001" classname="some.domain.child.Test2"/>
</testsuite> <!-- some.domain.child.Test2 -->
